#
# A fatal error has been detected by the Java Runtime Environment:
#
#  Internal Error (javaClasses.cpp:129), pid=4826, tid=3077753664
#  fatal error: Invalid layout of preloaded class
#
# JRE version: 6.0_30-b30
# Java VM: OpenJDK Client VM (23.25-b01 mixed mode linux-x86 )
# Failed to write core dump. Core dumps have been disabled. To enable core dumping, try "ulimit -c unlimited" before starting Java again
#
# If you would like to submit a bug report, please include
# instructions how to reproduce the bug and visit:
#   https://bugs.launchpad.net/ubuntu/+source/openjdk-6/
#

---------------  T H R E A D  ---------------

Current thread (0xb7507c00):  JavaThread "Unknown thread" [_thread_in_vm, id=4832, stack(0xb76dc000,0xb772d000)]

Stack: [0xb76dc000,0xb772d000]
[error occurred during error reporting (printing stack bounds), id 0xb]


[error occurred during error reporting (printing native stack), id 0xb]


---------------  P R O C E S S  ---------------

Java Threads: ( => current thread )

Other Threads:

=>0xb7507c00 (exited) JavaThread "Unknown thread" [_thread_in_vm, id=4832, stack(0xb76dc000,0xb772d000)]

VM state:not at safepoint (not fully initialized)

VM Mutex/Monitor currently owned by a thread: None

GC Heap History (0 events):
No events

Deoptimization events (0 events):
No events

Internal exceptions (0 events):
No events

Events (10 events):
Event: 0,306 loading class 0xb752f770 done
Event: 0,307 loading class 0xb752f0b0 done
Event: 0,308 loading class 0xb752f088
Event: 0,308 loading class 0xb756c1b0
Event: 0,308 loading class 0xb756c1b0 done
Event: 0,308 loading class 0xb756c1e8
Event: 0,309 loading class 0xb756c1e8 done
Event: 0,309 loading class 0xb756c220
Event: 0,309 loading class 0xb756c220 done
Event: 0,309 loading class 0xb752f088 done


Dynamic libraries:
00110000-002b4000 r-xp 00000000 08:01 15470477   /lib/i386-linux-gnu/libc-2.15.so
002b4000-002b6000 r--p 001a4000 08:01 15470477   /lib/i386-linux-gnu/libc-2.15.so
002b6000-002b7000 rw-p 001a6000 08:01 15470477   /lib/i386-linux-gnu/libc-2.15.so
002b7000-002ba000 rw-p 00000000 00:00 0 
002ba000-00392000 r-xp 00000000 08:01 16122209   /usr/lib/i386-linux-gnu/libstdc++.so.6.0.16
00392000-00393000 ---p 000d8000 08:01 16122209   /usr/lib/i386-linux-gnu/libstdc++.so.6.0.16
00393000-00397000 r--p 000d8000 08:01 16122209   /usr/lib/i386-linux-gnu/libstdc++.so.6.0.16
00397000-00398000 rw-p 000dc000 08:01 16122209   /usr/lib/i386-linux-gnu/libstdc++.so.6.0.16
00398000-0039f000 rw-p 00000000 00:00 0 
0039f000-003c9000 r-xp 00000000 08:01 15466727   /lib/i386-linux-gnu/libm-2.15.so
003c9000-003ca000 r--p 00029000 08:01 15466727   /lib/i386-linux-gnu/libm-2.15.so
003ca000-003cb000 rw-p 0002a000 08:01 15466727   /lib/i386-linux-gnu/libm-2.15.so
003cb000-003f3000 r-xp 00000000 08:01 16386316   /usr/lib/jvm/java-6-openjdk-i386/jre/lib/i386/libjava.so
003f3000-003f4000 r--p 00027000 08:01 16386316   /usr/lib/jvm/java-6-openjdk-i386/jre/lib/i386/libjava.so
003f4000-003f6000 rw-p 00028000 08:01 16386316   /usr/lib/jvm/java-6-openjdk-i386/jre/lib/i386/libjava.so
003f6000-003f9000 r-xp 00000000 08:01 16386312   /usr/lib/jvm/java-6-openjdk-i386/jre/lib/i386/libnpt.so
003f9000-003fa000 r--p 00002000 08:01 16386312   /usr/lib/jvm/java-6-openjdk-i386/jre/lib/i386/libnpt.so
003fa000-003fb000 rw-p 00003000 08:01 16386312   /usr/lib/jvm/java-6-openjdk-i386/jre/lib/i386/libnpt.so
003fb000-00411000 r-xp 00000000 08:01 15466596   /lib/i386-linux-gnu/libnsl-2.15.so
00411000-00412000 r--p 00015000 08:01 15466596   /lib/i386-linux-gnu/libnsl-2.15.so
00412000-00413000 rw-p 00016000 08:01 15466596   /lib/i386-linux-gnu/libnsl-2.15.so
00413000-00415000 rw-p 00000000 00:00 0 
00415000-00420000 r-xp 00000000 08:01 15466729   /lib/i386-linux-gnu/libnss_files-2.15.so
00420000-00421000 r--p 0000a000 08:01 15466729   /lib/i386-linux-gnu/libnss_files-2.15.so
00421000-00422000 rw-p 0000b000 08:01 15466729   /lib/i386-linux-gnu/libnss_files-2.15.so
00422000-0042a000 r-xp 00000000 08:01 16385421   /usr/lib/jvm/java-6-openjdk-i386/jre/lib/i386/libzip.so
0042a000-0042b000 r--p 00007000 08:01 16385421   /usr/lib/jvm/java-6-openjdk-i386/jre/lib/i386/libzip.so
0042b000-0042c000 rw-p 00008000 08:01 16385421   /usr/lib/jvm/java-6-openjdk-i386/jre/lib/i386/libzip.so
00466000-0046a000 r-xp 00000000 08:01 16385410   /usr/lib/jvm/java-6-openjdk-i386/jre/lib/i386/jli/libjli.so
0046a000-0046b000 r--p 00003000 08:01 16385410   /usr/lib/jvm/java-6-openjdk-i386/jre/lib/i386/jli/libjli.so
0046b000-0046c000 rw-p 00004000 08:01 16385410   /usr/lib/jvm/java-6-openjdk-i386/jre/lib/i386/jli/libjli.so
004fd000-00514000 r-xp 00000000 08:01 15466721   /lib/i386-linux-gnu/libpthread-2.15.so
00514000-00515000 r--p 00016000 08:01 15466721   /lib/i386-linux-gnu/libpthread-2.15.so
00515000-00516000 rw-p 00017000 08:01 15466721   /lib/i386-linux-gnu/libpthread-2.15.so
00516000-00518000 rw-p 00000000 00:00 0 
00534000-00554000 r-xp 00000000 08:01 15466722   /lib/i386-linux-gnu/ld-2.15.so
00554000-00555000 r--p 0001f000 08:01 15466722   /lib/i386-linux-gnu/ld-2.15.so
00555000-00556000 rw-p 00020000 08:01 15466722   /lib/i386-linux-gnu/ld-2.15.so
00594000-0059b000 r-xp 00000000 08:01 15466723   /lib/i386-linux-gnu/librt-2.15.so
0059b000-0059c000 r--p 00006000 08:01 15466723   /lib/i386-linux-gnu/librt-2.15.so
0059c000-0059d000 rw-p 00007000 08:01 15466723   /lib/i386-linux-gnu/librt-2.15.so
005ab000-005c7000 r-xp 00000000 08:01 15467428   /lib/i386-linux-gnu/libgcc_s.so.1
005c7000-005c8000 r--p 0001b000 08:01 15467428   /lib/i386-linux-gnu/libgcc_s.so.1
005c8000-005c9000 rw-p 0001c000 08:01 15467428   /lib/i386-linux-gnu/libgcc_s.so.1
0070d000-00719000 r-xp 00000000 08:01 16386333   /usr/lib/jvm/java-6-openjdk-i386/jre/lib/i386/libverify.so
00719000-0071a000 r--p 0000b000 08:01 16386333   /usr/lib/jvm/java-6-openjdk-i386/jre/lib/i386/libverify.so
0071a000-0071b000 rw-p 0000c000 08:01 16386333   /usr/lib/jvm/java-6-openjdk-i386/jre/lib/i386/libverify.so
00809000-0081d000 r-xp 00000000 08:01 15467507   /lib/i386-linux-gnu/libz.so.1.2.3.4
0081d000-0081e000 r--p 00013000 08:01 15467507   /lib/i386-linux-gnu/libz.so.1.2.3.4
0081e000-0081f000 rw-p 00014000 08:01 15467507   /lib/i386-linux-gnu/libz.so.1.2.3.4
00a26000-00a2d000 r-xp 00000000 08:01 15466730   /lib/i386-linux-gnu/libnss_compat-2.15.so
00a2d000-00a2e000 r--p 00006000 08:01 15466730   /lib/i386-linux-gnu/libnss_compat-2.15.so
00a2e000-00a2f000 rw-p 00007000 08:01 15466730   /lib/i386-linux-gnu/libnss_compat-2.15.so
00a93000-00a9d000 r-xp 00000000 08:01 15466728   /lib/i386-linux-gnu/libnss_nis-2.15.so
00a9d000-00a9e000 r--p 00009000 08:01 15466728   /lib/i386-linux-gnu/libnss_nis-2.15.so
00a9e000-00a9f000 rw-p 0000a000 08:01 15466728   /lib/i386-linux-gnu/libnss_nis-2.15.so
00c83000-00cc1000 r-xp 00000000 08:01 16386321   /usr/lib/jvm/java-6-openjdk-i386/jre/lib/i386/libjdwp.so
00cc1000-00cc2000 r--p 0003d000 08:01 16386321   /usr/lib/jvm/java-6-openjdk-i386/jre/lib/i386/libjdwp.so
00cc2000-00cc3000 rw-p 0003e000 08:01 16386321   /usr/lib/jvm/java-6-openjdk-i386/jre/lib/i386/libjdwp.so
00d9d000-00da0000 r-xp 00000000 08:01 15470473   /lib/i386-linux-gnu/libdl-2.15.so
00da0000-00da1000 r--p 00002000 08:01 15470473   /lib/i386-linux-gnu/libdl-2.15.so
00da1000-00da2000 rw-p 00003000 08:01 15470473   /lib/i386-linux-gnu/libdl-2.15.so
00f43000-00f44000 r-xp 00000000 00:00 0          [vdso]
00f44000-014f5000 r-xp 00000000 08:01 16386302   /usr/lib/jvm/java-6-openjdk-i386/jre/lib/i386/client/libjvm.so
014f5000-0150c000 r--p 005b0000 08:01 16386302   /usr/lib/jvm/java-6-openjdk-i386/jre/lib/i386/client/libjvm.so
0150c000-0151b000 rw-p 005c7000 08:01 16386302   /usr/lib/jvm/java-6-openjdk-i386/jre/lib/i386/client/libjvm.so
0151b000-01934000 rw-p 00000000 00:00 0 
08048000-08051000 r-xp 00000000 08:01 16384369   /usr/lib/jvm/java-6-openjdk-i386/jre/bin/java
08051000-08052000 r--p 00008000 08:01 16384369   /usr/lib/jvm/java-6-openjdk-i386/jre/bin/java
08052000-08053000 rw-p 00009000 08:01 16384369   /usr/lib/jvm/java-6-openjdk-i386/jre/bin/java
0984b000-0986c000 rw-p 00000000 00:00 0          [heap]
9105d000-91134000 r--s 013fe000 08:01 9574275    /home/slown/android-sdks/platforms/android-19/android.jar
91134000-9113a000 rw-p 00000000 00:00 0 
9113a000-911df000 rw-p 00000000 00:00 0 
911df000-911e2000 rw-p 00000000 00:00 0 
911e2000-91234000 rw-p 00000000 00:00 0 
91234000-9123a000 rw-p 00000000 00:00 0 
9123a000-912df000 rw-p 00000000 00:00 0 
912df000-912e5000 rw-p 00000000 00:00 0 
912e5000-912ff000 rw-p 00000000 00:00 0 
912ff000-91850000 rw-p 00000000 00:00 0 
91850000-9bda0000 rw-p 00000000 00:00 0 
9bda0000-9c850000 rw-p 00000000 00:00 0 
9c850000-b1300000 rw-p 00000000 00:00 0 
b1300000-b1f00000 rw-p 00000000 00:00 0 
b1f00000-b5300000 rw-p 00000000 00:00 0 
b5300000-b5330000 rwxp 00000000 00:00 0 
b5330000-b7300000 rw-p 00000000 00:00 0 
b7300000-b7500000 r--p 00000000 08:01 16127424   /usr/lib/locale/locale-archive
b7500000-b756e000 rw-p 00000000 00:00 0 
b756e000-b7600000 ---p 00000000 00:00 0 
b763b000-b7642000 rw-p 00000000 00:00 0 
b7642000-b765c000 rw-p 00000000 00:00 0 
b765c000-b765d000 rw-p 00000000 00:00 0 
b765d000-b76dc000 rw-p 00000000 00:00 0 
b76dc000-b76df000 ---p 00000000 00:00 0 
b76df000-b7730000 rw-p 00000000 00:00 0 
b773b000-b7743000 rw-s 00000000 08:01 11408678   /tmp/hsperfdata_slown/4826
b7743000-b7744000 r--p 002cc000 08:01 16127424   /usr/lib/locale/locale-archive
b7744000-b7745000 rw-p 00000000 00:00 0 
b7745000-b7746000 r--p 00000000 00:00 0 
b7746000-b7748000 rw-p 00000000 00:00 0 
bf90d000-bf92e000 rw-p 00000000 00:00 0          [stack]

VM Arguments:
jvm_args: -agentlib:jdwp=transport=dt_socket,suspend=y,address=localhost:52887 -Dfile.encoding=UTF-8 -Xbootclasspath:/home/slown/android-sdks/platforms/android-19/android.jar 
java_command: com.skula.pingouins.models.Board
Launcher Type: SUN_STANDARD

Environment Variables:
PATH=/usr/lib/lightdm/lightdm:/usr/local/sbin:/usr/local/bin:/usr/sbin:/usr/bin:/sbin:/bin:/usr/games
LD_LIBRARY_PATH=/usr/lib/jvm/java-6-openjdk-i386/jre/lib/i386/client:/usr/lib/jvm/java-6-openjdk-i386/jre/lib/i386:/usr/lib/jvm/java-6-openjdk-i386/jre/../lib/i386:/usr/lib/jvm/java-6-openjdk-i386/jre/lib/i386/client:/usr/lib/jvm/java-6-openjdk-i386/jre/lib/i386:
SHELL=/bin/bash
DISPLAY=:0.0

Signal Handlers:
SIGSEGV: [libjvm.so+0x46eb40], sa_mask[0]=0x7ffbfeff, sa_flags=0x10000004
SIGBUS: [libjvm.so+0x46eb40], sa_mask[0]=0x7ffbfeff, sa_flags=0x10000004
SIGFPE: [libjvm.so+0x376c00], sa_mask[0]=0x7ffbfeff, sa_flags=0x10000004
SIGPIPE: [libjvm.so+0x376c00], sa_mask[0]=0x7ffbfeff, sa_flags=0x10000004
SIGXFSZ: [libjvm.so+0x376c00], sa_mask[0]=0x7ffbfeff, sa_flags=0x10000004
SIGILL: [libjvm.so+0x376c00], sa_mask[0]=0x7ffbfeff, sa_flags=0x10000004
SIGUSR1: SIG_DFL, sa_mask[0]=0x00000000, sa_flags=0x00000000
SIGUSR2: [libjvm.so+0x376a90], sa_mask[0]=0x00000004, sa_flags=0x10000004
SIGHUP: SIG_DFL, sa_mask[0]=0x00000000, sa_flags=0x00000000
SIGINT: SIG_DFL, sa_mask[0]=0x00000000, sa_flags=0x00000000
SIGTERM: SIG_DFL, sa_mask[0]=0x00000000, sa_flags=0x00000000
SIGQUIT: SIG_DFL, sa_mask[0]=0x00000000, sa_flags=0x00000000


---------------  S Y S T E M  ---------------

OS:Ubuntu 12.04 (precise)
uname:Linux 3.2.0-60-generic #91-Ubuntu SMP Wed Feb 19 03:55:18 UTC 2014 i686
libc:glibc 2.15 NPTL 2.15 
rlimit: STACK 8192k, CORE 0k, NPROC 12800, NOFILE 4096, AS infinity
load average:0,34 0,60 0,76

/proc/meminfo:
MemTotal:        1652980 kB
MemFree:          104452 kB
Buffers:          219384 kB
Cached:           422340 kB
SwapCached:         3896 kB
Active:           601780 kB
Inactive:         796736 kB
Active(anon):     306320 kB
Inactive(anon):   456828 kB
Active(file):     295460 kB
Inactive(file):   339908 kB
Unevictable:          32 kB
Mlocked:              32 kB
HighTotal:        774184 kB
HighFree:          23984 kB
LowTotal:         878796 kB
LowFree:           80468 kB
SwapTotal:       1682428 kB
SwapFree:        1660368 kB
Dirty:               228 kB
Writeback:             0 kB
AnonPages:        753708 kB
Mapped:           158440 kB
Shmem:              6280 kB
Slab:              96160 kB
SReclaimable:      78480 kB
SUnreclaim:        17680 kB
KernelStack:        4048 kB
PageTables:        10568 kB
NFS_Unstable:          0 kB
Bounce:                0 kB
WritebackTmp:          0 kB
CommitLimit:     2508916 kB
Committed_AS:    3797436 kB
VmallocTotal:     122880 kB
VmallocUsed:       17092 kB
VmallocChunk:     102888 kB
HardwareCorrupted:     0 kB
AnonHugePages:         0 kB
HugePages_Total:       0
HugePages_Free:        0
HugePages_Rsvd:        0
HugePages_Surp:        0
Hugepagesize:       4096 kB
DirectMap4k:       12280 kB
DirectMap4M:      897024 kB


CPU:total 2 (2 cores per cpu, 1 threads per core) family 20 model 1 stepping 0, cmov, cx8, fxsr, mmx, sse, sse2, sse3, ssse3, popcnt, mmxext, lzcnt, sse4a, tsc, tscinvbit, tscinv

/proc/cpuinfo:
processor	: 0
vendor_id	: AuthenticAMD
cpu family	: 20
model		: 1
model name	: AMD E-350 Processor
stepping	: 0
microcode	: 0x5000028
cpu MHz		: 1600.000
cache size	: 512 KB
physical id	: 0
siblings	: 2
core id		: 0
cpu cores	: 2
apicid		: 0
initial apicid	: 0
fdiv_bug	: no
hlt_bug		: no
f00f_bug	: no
coma_bug	: no
fpu		: yes
fpu_exception	: yes
cpuid level	: 6
wp		: yes
flags		: fpu vme de pse tsc msr pae mce cx8 apic mtrr pge mca cmov pat pse36 clflush mmx fxsr sse sse2 ht syscall nx mmxext fxsr_opt pdpe1gb rdtscp lm constant_tsc nonstop_tsc extd_apicid aperfmperf pni monitor ssse3 cx16 popcnt lahf_lm cmp_legacy svm extapic cr8_legacy abm sse4a misalignsse 3dnowprefetch ibs skinit wdt arat npt lbrv svm_lock nrip_save pausefilter
bogomips	: 3199.74
clflush size	: 64
cache_alignment	: 64
address sizes	: 36 bits physical, 48 bits virtual
power management: ts ttp tm stc 100mhzsteps hwpstate

processor	: 1
vendor_id	: AuthenticAMD
cpu family	: 20
model		: 1
model name	: AMD E-350 Processor
stepping	: 0
microcode	: 0x5000028
cpu MHz		: 800.000
cache size	: 512 KB
physical id	: 0
siblings	: 2
core id		: 1
cpu cores	: 2
apicid		: 1
initial apicid	: 1
fdiv_bug	: no
hlt_bug		: no
f00f_bug	: no
coma_bug	: no
fpu		: yes
fpu_exception	: yes
cpuid level	: 6
wp		: yes
flags		: fpu vme de pse tsc msr pae mce cx8 apic mtrr pge mca cmov pat pse36 clflush mmx fxsr sse sse2 ht syscall nx mmxext fxsr_opt pdpe1gb rdtscp lm constant_tsc nonstop_tsc extd_apicid aperfmperf pni monitor ssse3 cx16 popcnt lahf_lm cmp_legacy svm extapic cr8_legacy abm sse4a misalignsse 3dnowprefetch ibs skinit wdt arat npt lbrv svm_lock nrip_save pausefilter
bogomips	: 3199.84
clflush size	: 64
cache_alignment	: 64
address sizes	: 36 bits physical, 48 bits virtual
power management: ts ttp tm stc 100mhzsteps hwpstate



Memory: 4k page, physical 1652980k(104452k free), swap 1682428k(1660368k free)

vm_info: OpenJDK Client VM (23.25-b01) for linux-x86 JRE (1.6.0_30-b30), built on Feb 25 2014 23:11:24 by "buildd" with gcc 4.6.3

time: Fri Aug 29 13:37:21 2014
elapsed time: 0 seconds

