#
# A fatal error has been detected by the Java Runtime Environment:
#
#  Internal Error (javaClasses.cpp:129), pid=4251, tid=3078232896
#  fatal error: Invalid layout of preloaded class
#
# JRE version: 6.0_30-b30
# Java VM: OpenJDK Client VM (23.25-b01 mixed mode linux-x86 )
# Failed to write core dump. Core dumps have been disabled. To enable core dumping, try "ulimit -c unlimited" before starting Java again
#
# If you would like to submit a bug report, please include
# instructions how to reproduce the bug and visit:
#   https://bugs.launchpad.net/ubuntu/+source/openjdk-6/
#

---------------  T H R E A D  ---------------

Current thread (0xb7606800):  JavaThread "Unknown thread" [_thread_in_vm, id=4253, stack(0xb7751000,0xb77a2000)]

Stack: [0xb7751000,0xb77a2000]
[error occurred during error reporting (printing stack bounds), id 0xb]


[error occurred during error reporting (printing native stack), id 0xb]


---------------  P R O C E S S  ---------------

Java Threads: ( => current thread )

Other Threads:

=>0xb7606800 (exited) JavaThread "Unknown thread" [_thread_in_vm, id=4253, stack(0xb7751000,0xb77a2000)]

VM state:not at safepoint (not fully initialized)

VM Mutex/Monitor currently owned by a thread: None

GC Heap History (0 events):
No events

Deoptimization events (0 events):
No events

Internal exceptions (0 events):
No events

Events (10 events):
Event: 0.015 loading class 0xb762e3f0 done
Event: 0.016 loading class 0xb762dd30 done
Event: 0.016 loading class 0xb762dd08
Event: 0.016 loading class 0xb766ae30
Event: 0.016 loading class 0xb766ae30 done
Event: 0.016 loading class 0xb766ae68
Event: 0.016 loading class 0xb766ae68 done
Event: 0.016 loading class 0xb766aea0
Event: 0.016 loading class 0xb766aea0 done
Event: 0.017 loading class 0xb762dd08 done


Dynamic libraries:
00110000-00127000 r-xp 00000000 08:01 15466721   /lib/i386-linux-gnu/libpthread-2.15.so
00127000-00128000 r--p 00016000 08:01 15466721   /lib/i386-linux-gnu/libpthread-2.15.so
00128000-00129000 rw-p 00017000 08:01 15466721   /lib/i386-linux-gnu/libpthread-2.15.so
00129000-0012b000 rw-p 00000000 00:00 0 
0012b000-00155000 r-xp 00000000 08:01 15466727   /lib/i386-linux-gnu/libm-2.15.so
00155000-00156000 r--p 00029000 08:01 15466727   /lib/i386-linux-gnu/libm-2.15.so
00156000-00157000 rw-p 0002a000 08:01 15466727   /lib/i386-linux-gnu/libm-2.15.so
00157000-0015e000 r-xp 00000000 08:01 15466723   /lib/i386-linux-gnu/librt-2.15.so
0015e000-0015f000 r--p 00006000 08:01 15466723   /lib/i386-linux-gnu/librt-2.15.so
0015f000-00160000 rw-p 00007000 08:01 15466723   /lib/i386-linux-gnu/librt-2.15.so
00160000-00168000 r-xp 00000000 08:01 16385421   /usr/lib/jvm/java-6-openjdk-i386/jre/lib/i386/libzip.so
00168000-00169000 r--p 00007000 08:01 16385421   /usr/lib/jvm/java-6-openjdk-i386/jre/lib/i386/libzip.so
00169000-0016a000 rw-p 00008000 08:01 16385421   /usr/lib/jvm/java-6-openjdk-i386/jre/lib/i386/libzip.so
001d6000-001da000 r-xp 00000000 08:01 16385410   /usr/lib/jvm/java-6-openjdk-i386/jre/lib/i386/jli/libjli.so
001da000-001db000 r--p 00003000 08:01 16385410   /usr/lib/jvm/java-6-openjdk-i386/jre/lib/i386/jli/libjli.so
001db000-001dc000 rw-p 00004000 08:01 16385410   /usr/lib/jvm/java-6-openjdk-i386/jre/lib/i386/jli/libjli.so
0024f000-00263000 r-xp 00000000 08:01 15467507   /lib/i386-linux-gnu/libz.so.1.2.3.4
00263000-00264000 r--p 00013000 08:01 15467507   /lib/i386-linux-gnu/libz.so.1.2.3.4
00264000-00265000 rw-p 00014000 08:01 15467507   /lib/i386-linux-gnu/libz.so.1.2.3.4
00383000-00399000 r-xp 00000000 08:01 15466596   /lib/i386-linux-gnu/libnsl-2.15.so
00399000-0039a000 r--p 00015000 08:01 15466596   /lib/i386-linux-gnu/libnsl-2.15.so
0039a000-0039b000 rw-p 00016000 08:01 15466596   /lib/i386-linux-gnu/libnsl-2.15.so
0039b000-0039d000 rw-p 00000000 00:00 0 
003c5000-003d0000 r-xp 00000000 08:01 15466729   /lib/i386-linux-gnu/libnss_files-2.15.so
003d0000-003d1000 r--p 0000a000 08:01 15466729   /lib/i386-linux-gnu/libnss_files-2.15.so
003d1000-003d2000 rw-p 0000b000 08:01 15466729   /lib/i386-linux-gnu/libnss_files-2.15.so
00537000-0053a000 r-xp 00000000 08:01 15470473   /lib/i386-linux-gnu/libdl-2.15.so
0053a000-0053b000 r--p 00002000 08:01 15470473   /lib/i386-linux-gnu/libdl-2.15.so
0053b000-0053c000 rw-p 00003000 08:01 15470473   /lib/i386-linux-gnu/libdl-2.15.so
006af000-006b0000 r-xp 00000000 00:00 0          [vdso]
006ee000-007c6000 r-xp 00000000 08:01 16122209   /usr/lib/i386-linux-gnu/libstdc++.so.6.0.16
007c6000-007c7000 ---p 000d8000 08:01 16122209   /usr/lib/i386-linux-gnu/libstdc++.so.6.0.16
007c7000-007cb000 r--p 000d8000 08:01 16122209   /usr/lib/i386-linux-gnu/libstdc++.so.6.0.16
007cb000-007cc000 rw-p 000dc000 08:01 16122209   /usr/lib/i386-linux-gnu/libstdc++.so.6.0.16
007cc000-007d3000 rw-p 00000000 00:00 0 
00a70000-00a77000 r-xp 00000000 08:01 15466730   /lib/i386-linux-gnu/libnss_compat-2.15.so
00a77000-00a78000 r--p 00006000 08:01 15466730   /lib/i386-linux-gnu/libnss_compat-2.15.so
00a78000-00a79000 rw-p 00007000 08:01 15466730   /lib/i386-linux-gnu/libnss_compat-2.15.so
00b5d000-00b67000 r-xp 00000000 08:01 15466728   /lib/i386-linux-gnu/libnss_nis-2.15.so
00b67000-00b68000 r--p 00009000 08:01 15466728   /lib/i386-linux-gnu/libnss_nis-2.15.so
00b68000-00b69000 rw-p 0000a000 08:01 15466728   /lib/i386-linux-gnu/libnss_nis-2.15.so
00b88000-00ba4000 r-xp 00000000 08:01 15467428   /lib/i386-linux-gnu/libgcc_s.so.1
00ba4000-00ba5000 r--p 0001b000 08:01 15467428   /lib/i386-linux-gnu/libgcc_s.so.1
00ba5000-00ba6000 rw-p 0001c000 08:01 15467428   /lib/i386-linux-gnu/libgcc_s.so.1
00bbd000-00d61000 r-xp 00000000 08:01 15470477   /lib/i386-linux-gnu/libc-2.15.so
00d61000-00d63000 r--p 001a4000 08:01 15470477   /lib/i386-linux-gnu/libc-2.15.so
00d63000-00d64000 rw-p 001a6000 08:01 15470477   /lib/i386-linux-gnu/libc-2.15.so
00d64000-00d67000 rw-p 00000000 00:00 0 
00dbc000-00de4000 r-xp 00000000 08:01 16386316   /usr/lib/jvm/java-6-openjdk-i386/jre/lib/i386/libjava.so
00de4000-00de5000 r--p 00027000 08:01 16386316   /usr/lib/jvm/java-6-openjdk-i386/jre/lib/i386/libjava.so
00de5000-00de7000 rw-p 00028000 08:01 16386316   /usr/lib/jvm/java-6-openjdk-i386/jre/lib/i386/libjava.so
00ead000-00eb9000 r-xp 00000000 08:01 16386333   /usr/lib/jvm/java-6-openjdk-i386/jre/lib/i386/libverify.so
00eb9000-00eba000 r--p 0000b000 08:01 16386333   /usr/lib/jvm/java-6-openjdk-i386/jre/lib/i386/libverify.so
00eba000-00ebb000 rw-p 0000c000 08:01 16386333   /usr/lib/jvm/java-6-openjdk-i386/jre/lib/i386/libverify.so
00ee5000-00f05000 r-xp 00000000 08:01 15466722   /lib/i386-linux-gnu/ld-2.15.so
00f05000-00f06000 r--p 0001f000 08:01 15466722   /lib/i386-linux-gnu/ld-2.15.so
00f06000-00f07000 rw-p 00020000 08:01 15466722   /lib/i386-linux-gnu/ld-2.15.so
00f07000-014b8000 r-xp 00000000 08:01 16386302   /usr/lib/jvm/java-6-openjdk-i386/jre/lib/i386/client/libjvm.so
014b8000-014cf000 r--p 005b0000 08:01 16386302   /usr/lib/jvm/java-6-openjdk-i386/jre/lib/i386/client/libjvm.so
014cf000-014de000 rw-p 005c7000 08:01 16386302   /usr/lib/jvm/java-6-openjdk-i386/jre/lib/i386/client/libjvm.so
014de000-018f7000 rw-p 00000000 00:00 0 
08048000-08051000 r-xp 00000000 08:01 16384369   /usr/lib/jvm/java-6-openjdk-i386/jre/bin/java
08051000-08052000 r--p 00008000 08:01 16384369   /usr/lib/jvm/java-6-openjdk-i386/jre/bin/java
08052000-08053000 rw-p 00009000 08:01 16384369   /usr/lib/jvm/java-6-openjdk-i386/jre/bin/java
09fca000-09feb000 rw-p 00000000 00:00 0          [heap]
912dd000-913b4000 r--s 013fe000 08:01 9574275    /home/slown/android-sdks/platforms/android-19/android.jar
913b4000-913ba000 rw-p 00000000 00:00 0 
913ba000-9145f000 rw-p 00000000 00:00 0 
9145f000-91462000 rw-p 00000000 00:00 0 
91462000-914b4000 rw-p 00000000 00:00 0 
914b4000-914ba000 rw-p 00000000 00:00 0 
914ba000-9155f000 rw-p 00000000 00:00 0 
9155f000-91565000 rw-p 00000000 00:00 0 
91565000-9157f000 rw-p 00000000 00:00 0 
9157f000-91ad0000 rw-p 00000000 00:00 0 
91ad0000-9c020000 rw-p 00000000 00:00 0 
9c020000-9cad0000 rw-p 00000000 00:00 0 
9cad0000-b1580000 rw-p 00000000 00:00 0 
b1580000-b2180000 rw-p 00000000 00:00 0 
b2180000-b5580000 rw-p 00000000 00:00 0 
b5580000-b5581000 rw-p 00000000 00:00 0 
b5581000-b5600000 rw-p 00000000 00:00 0 
b5600000-b5630000 rwxp 00000000 00:00 0 
b5630000-b766d000 rw-p 00000000 00:00 0 
b766d000-b7700000 ---p 00000000 00:00 0 
b7730000-b7737000 rw-p 00000000 00:00 0 
b7737000-b7751000 rw-p 00000000 00:00 0 
b7751000-b7754000 ---p 00000000 00:00 0 
b7754000-b77a5000 rw-p 00000000 00:00 0 
b77b1000-b77b9000 rw-s 00000000 08:01 11408678   /tmp/hsperfdata_slown/4251
b77b9000-b77ba000 rw-p 00000000 00:00 0 
b77ba000-b77bb000 r--p 00000000 00:00 0 
b77bb000-b77bd000 rw-p 00000000 00:00 0 
bfe53000-bfe74000 rw-p 00000000 00:00 0          [stack]

VM Arguments:
jvm_args: -Dfile.encoding=UTF-8 -Xbootclasspath:/home/slown/android-sdks/platforms/android-19/android.jar 
java_command: com.skula.pingouins.models.Player
Launcher Type: SUN_STANDARD

Environment Variables:
PATH=/usr/lib/lightdm/lightdm:/usr/local/sbin:/usr/local/bin:/usr/sbin:/usr/bin:/sbin:/bin:/usr/games
LD_LIBRARY_PATH=/usr/lib/jvm/java-6-openjdk-i386/jre/lib/i386/client:/usr/lib/jvm/java-6-openjdk-i386/jre/lib/i386:/usr/lib/jvm/java-6-openjdk-i386/jre/../lib/i386:/usr/lib/jvm/java-6-openjdk-i386/jre/lib/i386/client:/usr/lib/jvm/java-6-openjdk-i386/jre/lib/i386:
SHELL=/bin/bash
DISPLAY=:0.0

Signal Handlers:
SIGSEGV: [libjvm.so+0x46eb40], sa_mask[0]=0x7ffbfeff, sa_flags=0x10000004
SIGBUS: [libjvm.so+0x46eb40], sa_mask[0]=0x7ffbfeff, sa_flags=0x10000004
SIGFPE: [libjvm.so+0x376c00], sa_mask[0]=0x7ffbfeff, sa_flags=0x10000004
SIGPIPE: [libjvm.so+0x376c00], sa_mask[0]=0x7ffbfeff, sa_flags=0x10000004
SIGXFSZ: [libjvm.so+0x376c00], sa_mask[0]=0x7ffbfeff, sa_flags=0x10000004
SIGILL: [libjvm.so+0x376c00], sa_mask[0]=0x7ffbfeff, sa_flags=0x10000004
SIGUSR1: SIG_DFL, sa_mask[0]=0x00000000, sa_flags=0x00000000
SIGUSR2: [libjvm.so+0x376a90], sa_mask[0]=0x00000004, sa_flags=0x10000004
SIGHUP: SIG_DFL, sa_mask[0]=0x00000000, sa_flags=0x00000000
SIGINT: SIG_DFL, sa_mask[0]=0x00000000, sa_flags=0x00000000
SIGTERM: SIG_DFL, sa_mask[0]=0x00000000, sa_flags=0x00000000
SIGQUIT: SIG_DFL, sa_mask[0]=0x00000000, sa_flags=0x00000000


---------------  S Y S T E M  ---------------

OS:Ubuntu 12.04 (precise)
uname:Linux 3.2.0-60-generic #91-Ubuntu SMP Wed Feb 19 03:55:18 UTC 2014 i686
libc:glibc 2.15 NPTL 2.15 
rlimit: STACK 8192k, CORE 0k, NPROC 12800, NOFILE 4096, AS infinity
load average:0.55 0.46 0.55

/proc/meminfo:
MemTotal:        1652980 kB
MemFree:          102964 kB
Buffers:          199148 kB
Cached:           470920 kB
SwapCached:         2796 kB
Active:           640644 kB
Inactive:         755344 kB
Active(anon):     309872 kB
Inactive(anon):   422328 kB
Active(file):     330772 kB
Inactive(file):   333016 kB
Unevictable:          32 kB
Mlocked:              32 kB
HighTotal:        774184 kB
HighFree:          10592 kB
LowTotal:         878796 kB
LowFree:           92372 kB
SwapTotal:       1682428 kB
SwapFree:        1662452 kB
Dirty:               108 kB
Writeback:             0 kB
AnonPages:        723440 kB
Mapped:           172072 kB
Shmem:              6280 kB
Slab:              96756 kB
SReclaimable:      79448 kB
SUnreclaim:        17308 kB
KernelStack:        3904 kB
PageTables:        10180 kB
NFS_Unstable:          0 kB
Bounce:                0 kB
WritebackTmp:          0 kB
CommitLimit:     2508916 kB
Committed_AS:    3581788 kB
VmallocTotal:     122880 kB
VmallocUsed:       17068 kB
VmallocChunk:     104936 kB
HardwareCorrupted:     0 kB
AnonHugePages:         0 kB
HugePages_Total:       0
HugePages_Free:        0
HugePages_Rsvd:        0
HugePages_Surp:        0
Hugepagesize:       4096 kB
DirectMap4k:       28664 kB
DirectMap4M:      880640 kB


CPU:total 2 (2 cores per cpu, 1 threads per core) family 20 model 1 stepping 0, cmov, cx8, fxsr, mmx, sse, sse2, sse3, ssse3, popcnt, mmxext, lzcnt, sse4a, tsc, tscinvbit, tscinv

/proc/cpuinfo:
processor	: 0
vendor_id	: AuthenticAMD
cpu family	: 20
model		: 1
model name	: AMD E-350 Processor
stepping	: 0
microcode	: 0x5000028
cpu MHz		: 1600.000
cache size	: 512 KB
physical id	: 0
siblings	: 2
core id		: 0
cpu cores	: 2
apicid		: 0
initial apicid	: 0
fdiv_bug	: no
hlt_bug		: no
f00f_bug	: no
coma_bug	: no
fpu		: yes
fpu_exception	: yes
cpuid level	: 6
wp		: yes
flags		: fpu vme de pse tsc msr pae mce cx8 apic mtrr pge mca cmov pat pse36 clflush mmx fxsr sse sse2 ht syscall nx mmxext fxsr_opt pdpe1gb rdtscp lm constant_tsc nonstop_tsc extd_apicid aperfmperf pni monitor ssse3 cx16 popcnt lahf_lm cmp_legacy svm extapic cr8_legacy abm sse4a misalignsse 3dnowprefetch ibs skinit wdt arat npt lbrv svm_lock nrip_save pausefilter
bogomips	: 3200.29
clflush size	: 64
cache_alignment	: 64
address sizes	: 36 bits physical, 48 bits virtual
power management: ts ttp tm stc 100mhzsteps hwpstate

processor	: 1
vendor_id	: AuthenticAMD
cpu family	: 20
model		: 1
model name	: AMD E-350 Processor
stepping	: 0
microcode	: 0x5000028
cpu MHz		: 1600.000
cache size	: 512 KB
physical id	: 0
siblings	: 2
core id		: 1
cpu cores	: 2
apicid		: 1
initial apicid	: 1
fdiv_bug	: no
hlt_bug		: no
f00f_bug	: no
coma_bug	: no
fpu		: yes
fpu_exception	: yes
cpuid level	: 6
wp		: yes
flags		: fpu vme de pse tsc msr pae mce cx8 apic mtrr pge mca cmov pat pse36 clflush mmx fxsr sse sse2 ht syscall nx mmxext fxsr_opt pdpe1gb rdtscp lm constant_tsc nonstop_tsc extd_apicid aperfmperf pni monitor ssse3 cx16 popcnt lahf_lm cmp_legacy svm extapic cr8_legacy abm sse4a misalignsse 3dnowprefetch ibs skinit wdt arat npt lbrv svm_lock nrip_save pausefilter
bogomips	: 3199.97
clflush size	: 64
cache_alignment	: 64
address sizes	: 36 bits physical, 48 bits virtual
power management: ts ttp tm stc 100mhzsteps hwpstate



Memory: 4k page, physical 1652980k(102964k free), swap 1682428k(1662452k free)

vm_info: OpenJDK Client VM (23.25-b01) for linux-x86 JRE (1.6.0_30-b30), built on Feb 25 2014 23:11:24 by "buildd" with gcc 4.6.3

time: Sat Aug 30 11:06:50 2014
elapsed time: 0 seconds

