#
# A fatal error has been detected by the Java Runtime Environment:
#
#  Internal Error (javaClasses.cpp:129), pid=2907, tid=3077794624
#  fatal error: Invalid layout of preloaded class
#
# JRE version: 6.0_30-b30
# Java VM: OpenJDK Client VM (23.25-b01 mixed mode linux-x86 )
# Failed to write core dump. Core dumps have been disabled. To enable core dumping, try "ulimit -c unlimited" before starting Java again
#
# If you would like to submit a bug report, please include
# instructions how to reproduce the bug and visit:
#   https://bugs.launchpad.net/ubuntu/+source/openjdk-6/
#

---------------  T H R E A D  ---------------

Current thread (0xb7506800):  JavaThread "Unknown thread" [_thread_in_vm, id=2912, stack(0xb76e6000,0xb7737000)]

Stack: [0xb76e6000,0xb7737000]
[error occurred during error reporting (printing stack bounds), id 0xb]


[error occurred during error reporting (printing native stack), id 0xb]


---------------  P R O C E S S  ---------------

Java Threads: ( => current thread )

Other Threads:

=>0xb7506800 (exited) JavaThread "Unknown thread" [_thread_in_vm, id=2912, stack(0xb76e6000,0xb7737000)]

VM state:not at safepoint (not fully initialized)

VM Mutex/Monitor currently owned by a thread: None

GC Heap History (0 events):
No events

Deoptimization events (0 events):
No events

Internal exceptions (0 events):
No events

Events (10 events):
Event: 0.015 loading class 0xb752e400 done
Event: 0.016 loading class 0xb752dd40 done
Event: 0.016 loading class 0xb752dd18
Event: 0.016 loading class 0xb756ae40
Event: 0.016 loading class 0xb756ae40 done
Event: 0.016 loading class 0xb756ae78
Event: 0.016 loading class 0xb756ae78 done
Event: 0.016 loading class 0xb756aeb0
Event: 0.017 loading class 0xb756aeb0 done
Event: 0.017 loading class 0xb752dd18 done


Dynamic libraries:
00110000-0013a000 r-xp 00000000 08:01 15466727   /lib/i386-linux-gnu/libm-2.15.so
0013a000-0013b000 r--p 00029000 08:01 15466727   /lib/i386-linux-gnu/libm-2.15.so
0013b000-0013c000 rw-p 0002a000 08:01 15466727   /lib/i386-linux-gnu/libm-2.15.so
0013c000-00164000 r-xp 00000000 08:01 16386316   /usr/lib/jvm/java-6-openjdk-i386/jre/lib/i386/libjava.so
00164000-00165000 r--p 00027000 08:01 16386316   /usr/lib/jvm/java-6-openjdk-i386/jre/lib/i386/libjava.so
00165000-00167000 rw-p 00028000 08:01 16386316   /usr/lib/jvm/java-6-openjdk-i386/jre/lib/i386/libjava.so
00167000-0016e000 r-xp 00000000 08:01 15466730   /lib/i386-linux-gnu/libnss_compat-2.15.so
0016e000-0016f000 r--p 00006000 08:01 15466730   /lib/i386-linux-gnu/libnss_compat-2.15.so
0016f000-00170000 rw-p 00007000 08:01 15466730   /lib/i386-linux-gnu/libnss_compat-2.15.so
00170000-00186000 r-xp 00000000 08:01 15466596   /lib/i386-linux-gnu/libnsl-2.15.so
00186000-00187000 r--p 00015000 08:01 15466596   /lib/i386-linux-gnu/libnsl-2.15.so
00187000-00188000 rw-p 00016000 08:01 15466596   /lib/i386-linux-gnu/libnsl-2.15.so
00188000-0018a000 rw-p 00000000 00:00 0 
0018a000-00195000 r-xp 00000000 08:01 15466729   /lib/i386-linux-gnu/libnss_files-2.15.so
00195000-00196000 r--p 0000a000 08:01 15466729   /lib/i386-linux-gnu/libnss_files-2.15.so
00196000-00197000 rw-p 0000b000 08:01 15466729   /lib/i386-linux-gnu/libnss_files-2.15.so
00197000-0019f000 r-xp 00000000 08:01 16385421   /usr/lib/jvm/java-6-openjdk-i386/jre/lib/i386/libzip.so
0019f000-001a0000 r--p 00007000 08:01 16385421   /usr/lib/jvm/java-6-openjdk-i386/jre/lib/i386/libzip.so
001a0000-001a1000 rw-p 00008000 08:01 16385421   /usr/lib/jvm/java-6-openjdk-i386/jre/lib/i386/libzip.so
003a9000-003b0000 r-xp 00000000 08:01 15466723   /lib/i386-linux-gnu/librt-2.15.so
003b0000-003b1000 r--p 00006000 08:01 15466723   /lib/i386-linux-gnu/librt-2.15.so
003b1000-003b2000 rw-p 00007000 08:01 15466723   /lib/i386-linux-gnu/librt-2.15.so
004df000-004eb000 r-xp 00000000 08:01 16386333   /usr/lib/jvm/java-6-openjdk-i386/jre/lib/i386/libverify.so
004eb000-004ec000 r--p 0000b000 08:01 16386333   /usr/lib/jvm/java-6-openjdk-i386/jre/lib/i386/libverify.so
004ec000-004ed000 rw-p 0000c000 08:01 16386333   /usr/lib/jvm/java-6-openjdk-i386/jre/lib/i386/libverify.so
0055e000-00702000 r-xp 00000000 08:01 15470477   /lib/i386-linux-gnu/libc-2.15.so
00702000-00704000 r--p 001a4000 08:01 15470477   /lib/i386-linux-gnu/libc-2.15.so
00704000-00705000 rw-p 001a6000 08:01 15470477   /lib/i386-linux-gnu/libc-2.15.so
00705000-00708000 rw-p 00000000 00:00 0 
00735000-00739000 r-xp 00000000 08:01 16385410   /usr/lib/jvm/java-6-openjdk-i386/jre/lib/i386/jli/libjli.so
00739000-0073a000 r--p 00003000 08:01 16385410   /usr/lib/jvm/java-6-openjdk-i386/jre/lib/i386/jli/libjli.so
0073a000-0073b000 rw-p 00004000 08:01 16385410   /usr/lib/jvm/java-6-openjdk-i386/jre/lib/i386/jli/libjli.so
00893000-00896000 r-xp 00000000 08:01 15470473   /lib/i386-linux-gnu/libdl-2.15.so
00896000-00897000 r--p 00002000 08:01 15470473   /lib/i386-linux-gnu/libdl-2.15.so
00897000-00898000 rw-p 00003000 08:01 15470473   /lib/i386-linux-gnu/libdl-2.15.so
008e6000-009be000 r-xp 00000000 08:01 16122209   /usr/lib/i386-linux-gnu/libstdc++.so.6.0.16
009be000-009bf000 ---p 000d8000 08:01 16122209   /usr/lib/i386-linux-gnu/libstdc++.so.6.0.16
009bf000-009c3000 r--p 000d8000 08:01 16122209   /usr/lib/i386-linux-gnu/libstdc++.so.6.0.16
009c3000-009c4000 rw-p 000dc000 08:01 16122209   /usr/lib/i386-linux-gnu/libstdc++.so.6.0.16
009c4000-009cb000 rw-p 00000000 00:00 0 
00a07000-00a23000 r-xp 00000000 08:01 15467428   /lib/i386-linux-gnu/libgcc_s.so.1
00a23000-00a24000 r--p 0001b000 08:01 15467428   /lib/i386-linux-gnu/libgcc_s.so.1
00a24000-00a25000 rw-p 0001c000 08:01 15467428   /lib/i386-linux-gnu/libgcc_s.so.1
00aac000-00ab6000 r-xp 00000000 08:01 15466728   /lib/i386-linux-gnu/libnss_nis-2.15.so
00ab6000-00ab7000 r--p 00009000 08:01 15466728   /lib/i386-linux-gnu/libnss_nis-2.15.so
00ab7000-00ab8000 rw-p 0000a000 08:01 15466728   /lib/i386-linux-gnu/libnss_nis-2.15.so
00aed000-00b0d000 r-xp 00000000 08:01 15466722   /lib/i386-linux-gnu/ld-2.15.so
00b0d000-00b0e000 r--p 0001f000 08:01 15466722   /lib/i386-linux-gnu/ld-2.15.so
00b0e000-00b0f000 rw-p 00020000 08:01 15466722   /lib/i386-linux-gnu/ld-2.15.so
00bfa000-00c11000 r-xp 00000000 08:01 15466721   /lib/i386-linux-gnu/libpthread-2.15.so
00c11000-00c12000 r--p 00016000 08:01 15466721   /lib/i386-linux-gnu/libpthread-2.15.so
00c12000-00c13000 rw-p 00017000 08:01 15466721   /lib/i386-linux-gnu/libpthread-2.15.so
00c13000-00c15000 rw-p 00000000 00:00 0 
00cd9000-00ced000 r-xp 00000000 08:01 15467507   /lib/i386-linux-gnu/libz.so.1.2.3.4
00ced000-00cee000 r--p 00013000 08:01 15467507   /lib/i386-linux-gnu/libz.so.1.2.3.4
00cee000-00cef000 rw-p 00014000 08:01 15467507   /lib/i386-linux-gnu/libz.so.1.2.3.4
00d59000-00d5a000 r-xp 00000000 00:00 0          [vdso]
00d5a000-0130b000 r-xp 00000000 08:01 16386302   /usr/lib/jvm/java-6-openjdk-i386/jre/lib/i386/client/libjvm.so
0130b000-01322000 r--p 005b0000 08:01 16386302   /usr/lib/jvm/java-6-openjdk-i386/jre/lib/i386/client/libjvm.so
01322000-01331000 rw-p 005c7000 08:01 16386302   /usr/lib/jvm/java-6-openjdk-i386/jre/lib/i386/client/libjvm.so
01331000-0174a000 rw-p 00000000 00:00 0 
08048000-08051000 r-xp 00000000 08:01 16384369   /usr/lib/jvm/java-6-openjdk-i386/jre/bin/java
08051000-08052000 r--p 00008000 08:01 16384369   /usr/lib/jvm/java-6-openjdk-i386/jre/bin/java
08052000-08053000 rw-p 00009000 08:01 16384369   /usr/lib/jvm/java-6-openjdk-i386/jre/bin/java
0967d000-0969e000 rw-p 00000000 00:00 0          [heap]
9125d000-91334000 r--s 013fe000 08:01 9574275    /home/slown/android-sdks/platforms/android-19/android.jar
91334000-9133a000 rw-p 00000000 00:00 0 
9133a000-913df000 rw-p 00000000 00:00 0 
913df000-913e2000 rw-p 00000000 00:00 0 
913e2000-91434000 rw-p 00000000 00:00 0 
91434000-9143a000 rw-p 00000000 00:00 0 
9143a000-914df000 rw-p 00000000 00:00 0 
914df000-914e5000 rw-p 00000000 00:00 0 
914e5000-914ff000 rw-p 00000000 00:00 0 
914ff000-91a50000 rw-p 00000000 00:00 0 
91a50000-9bfa0000 rw-p 00000000 00:00 0 
9bfa0000-9ca50000 rw-p 00000000 00:00 0 
9ca50000-b1500000 rw-p 00000000 00:00 0 
b1500000-b2100000 rw-p 00000000 00:00 0 
b2100000-b5500000 rw-p 00000000 00:00 0 
b5500000-b5530000 rwxp 00000000 00:00 0 
b5530000-b756d000 rw-p 00000000 00:00 0 
b756d000-b7600000 ---p 00000000 00:00 0 
b7645000-b764c000 rw-p 00000000 00:00 0 
b764c000-b7666000 rw-p 00000000 00:00 0 
b7666000-b7667000 rw-p 00000000 00:00 0 
b7667000-b76e6000 rw-p 00000000 00:00 0 
b76e6000-b76e9000 ---p 00000000 00:00 0 
b76e9000-b773a000 rw-p 00000000 00:00 0 
b7746000-b774e000 rw-s 00000000 08:01 11408679   /tmp/hsperfdata_slown/2907
b774e000-b774f000 rw-p 00000000 00:00 0 
b774f000-b7750000 r--p 00000000 00:00 0 
b7750000-b7752000 rw-p 00000000 00:00 0 
bfdfd000-bfe1e000 rw-p 00000000 00:00 0          [stack]

VM Arguments:
jvm_args: -Dfile.encoding=UTF-8 -Xbootclasspath:/home/slown/android-sdks/platforms/android-19/android.jar 
java_command: com.skula.pingouins.services.GameEngine
Launcher Type: SUN_STANDARD

Environment Variables:
PATH=/usr/lib/lightdm/lightdm:/usr/local/sbin:/usr/local/bin:/usr/sbin:/usr/bin:/sbin:/bin:/usr/games
LD_LIBRARY_PATH=/usr/lib/jvm/java-6-openjdk-i386/jre/lib/i386/client:/usr/lib/jvm/java-6-openjdk-i386/jre/lib/i386:/usr/lib/jvm/java-6-openjdk-i386/jre/../lib/i386:/usr/lib/jvm/java-6-openjdk-i386/jre/lib/i386/client:/usr/lib/jvm/java-6-openjdk-i386/jre/lib/i386:
SHELL=/bin/bash
DISPLAY=:0.0

Signal Handlers:
SIGSEGV: [libjvm.so+0x46eb40], sa_mask[0]=0x7ffbfeff, sa_flags=0x10000004
SIGBUS: [libjvm.so+0x46eb40], sa_mask[0]=0x7ffbfeff, sa_flags=0x10000004
SIGFPE: [libjvm.so+0x376c00], sa_mask[0]=0x7ffbfeff, sa_flags=0x10000004
SIGPIPE: [libjvm.so+0x376c00], sa_mask[0]=0x7ffbfeff, sa_flags=0x10000004
SIGXFSZ: [libjvm.so+0x376c00], sa_mask[0]=0x7ffbfeff, sa_flags=0x10000004
SIGILL: [libjvm.so+0x376c00], sa_mask[0]=0x7ffbfeff, sa_flags=0x10000004
SIGUSR1: SIG_DFL, sa_mask[0]=0x00000000, sa_flags=0x00000000
SIGUSR2: [libjvm.so+0x376a90], sa_mask[0]=0x00000004, sa_flags=0x10000004
SIGHUP: SIG_DFL, sa_mask[0]=0x00000000, sa_flags=0x00000000
SIGINT: SIG_DFL, sa_mask[0]=0x00000000, sa_flags=0x00000000
SIGTERM: SIG_DFL, sa_mask[0]=0x00000000, sa_flags=0x00000000
SIGQUIT: SIG_DFL, sa_mask[0]=0x00000000, sa_flags=0x00000000


---------------  S Y S T E M  ---------------

OS:Ubuntu 12.04 (precise)
uname:Linux 3.2.0-60-generic #91-Ubuntu SMP Wed Feb 19 03:55:18 UTC 2014 i686
libc:glibc 2.15 NPTL 2.15 
rlimit: STACK 8192k, CORE 0k, NPROC 12800, NOFILE 4096, AS infinity
load average:1.13 1.25 0.67

/proc/meminfo:
MemTotal:        1652980 kB
MemFree:           99780 kB
Buffers:           40840 kB
Cached:           724800 kB
SwapCached:            0 kB
Active:           615176 kB
Inactive:         829380 kB
Active(anon):     413588 kB
Inactive(anon):   272544 kB
Active(file):     201588 kB
Inactive(file):   556836 kB
Unevictable:          32 kB
Mlocked:              32 kB
HighTotal:        774184 kB
HighFree:           9972 kB
LowTotal:         878796 kB
LowFree:           89808 kB
SwapTotal:       1682428 kB
SwapFree:        1682248 kB
Dirty:               224 kB
Writeback:             0 kB
AnonPages:        679048 kB
Mapped:           189972 kB
Shmem:              7152 kB
Slab:              55064 kB
SReclaimable:      37100 kB
SUnreclaim:        17964 kB
KernelStack:        4048 kB
PageTables:        10560 kB
NFS_Unstable:          0 kB
Bounce:                0 kB
WritebackTmp:          0 kB
CommitLimit:     2508916 kB
Committed_AS:    3635972 kB
VmallocTotal:     122880 kB
VmallocUsed:       17092 kB
VmallocChunk:     102888 kB
HardwareCorrupted:     0 kB
AnonHugePages:         0 kB
HugePages_Total:       0
HugePages_Free:        0
HugePages_Rsvd:        0
HugePages_Surp:        0
Hugepagesize:       4096 kB
DirectMap4k:       12280 kB
DirectMap4M:      897024 kB


CPU:total 2 (2 cores per cpu, 1 threads per core) family 20 model 1 stepping 0, cmov, cx8, fxsr, mmx, sse, sse2, sse3, ssse3, popcnt, mmxext, lzcnt, sse4a, tsc, tscinvbit, tscinv

/proc/cpuinfo:
processor	: 0
vendor_id	: AuthenticAMD
cpu family	: 20
model		: 1
model name	: AMD E-350 Processor
stepping	: 0
microcode	: 0x5000028
cpu MHz		: 1600.000
cache size	: 512 KB
physical id	: 0
siblings	: 2
core id		: 0
cpu cores	: 2
apicid		: 0
initial apicid	: 0
fdiv_bug	: no
hlt_bug		: no
f00f_bug	: no
coma_bug	: no
fpu		: yes
fpu_exception	: yes
cpuid level	: 6
wp		: yes
flags		: fpu vme de pse tsc msr pae mce cx8 apic mtrr pge mca cmov pat pse36 clflush mmx fxsr sse sse2 ht syscall nx mmxext fxsr_opt pdpe1gb rdtscp lm constant_tsc nonstop_tsc extd_apicid aperfmperf pni monitor ssse3 cx16 popcnt lahf_lm cmp_legacy svm extapic cr8_legacy abm sse4a misalignsse 3dnowprefetch ibs skinit wdt arat npt lbrv svm_lock nrip_save pausefilter
bogomips	: 3199.74
clflush size	: 64
cache_alignment	: 64
address sizes	: 36 bits physical, 48 bits virtual
power management: ts ttp tm stc 100mhzsteps hwpstate

processor	: 1
vendor_id	: AuthenticAMD
cpu family	: 20
model		: 1
model name	: AMD E-350 Processor
stepping	: 0
microcode	: 0x5000028
cpu MHz		: 1600.000
cache size	: 512 KB
physical id	: 0
siblings	: 2
core id		: 1
cpu cores	: 2
apicid		: 1
initial apicid	: 1
fdiv_bug	: no
hlt_bug		: no
f00f_bug	: no
coma_bug	: no
fpu		: yes
fpu_exception	: yes
cpuid level	: 6
wp		: yes
flags		: fpu vme de pse tsc msr pae mce cx8 apic mtrr pge mca cmov pat pse36 clflush mmx fxsr sse sse2 ht syscall nx mmxext fxsr_opt pdpe1gb rdtscp lm constant_tsc nonstop_tsc extd_apicid aperfmperf pni monitor ssse3 cx16 popcnt lahf_lm cmp_legacy svm extapic cr8_legacy abm sse4a misalignsse 3dnowprefetch ibs skinit wdt arat npt lbrv svm_lock nrip_save pausefilter
bogomips	: 3199.84
clflush size	: 64
cache_alignment	: 64
address sizes	: 36 bits physical, 48 bits virtual
power management: ts ttp tm stc 100mhzsteps hwpstate



Memory: 4k page, physical 1652980k(99780k free), swap 1682428k(1682248k free)

vm_info: OpenJDK Client VM (23.25-b01) for linux-x86 JRE (1.6.0_30-b30), built on Feb 25 2014 23:11:24 by "buildd" with gcc 4.6.3

time: Fri Aug 29 12:40:29 2014
elapsed time: 0 seconds

