#
# A fatal error has been detected by the Java Runtime Environment:
#
#  Internal Error (javaClasses.cpp:129), pid=4224, tid=3077667648
#  fatal error: Invalid layout of preloaded class
#
# JRE version: 6.0_30-b30
# Java VM: OpenJDK Client VM (23.25-b01 mixed mode linux-x86 )
# Failed to write core dump. Core dumps have been disabled. To enable core dumping, try "ulimit -c unlimited" before starting Java again
#
# If you would like to submit a bug report, please include
# instructions how to reproduce the bug and visit:
#   https://bugs.launchpad.net/ubuntu/+source/openjdk-6/
#

---------------  T H R E A D  ---------------

Current thread (0xb7506800):  JavaThread "Unknown thread" [_thread_in_vm, id=4225, stack(0xb76c7000,0xb7718000)]

Stack: [0xb76c7000,0xb7718000]
[error occurred during error reporting (printing stack bounds), id 0xb]


[error occurred during error reporting (printing native stack), id 0xb]


---------------  P R O C E S S  ---------------

Java Threads: ( => current thread )

Other Threads:

=>0xb7506800 (exited) JavaThread "Unknown thread" [_thread_in_vm, id=4225, stack(0xb76c7000,0xb7718000)]

VM state:not at safepoint (not fully initialized)

VM Mutex/Monitor currently owned by a thread: None

GC Heap History (0 events):
No events

Deoptimization events (0 events):
No events

Internal exceptions (0 events):
No events

Events (10 events):
Event: 0.288 loading class 0xb752e3f0 done
Event: 0.289 loading class 0xb752dd30 done
Event: 0.289 loading class 0xb752dd08
Event: 0.289 loading class 0xb756ae30
Event: 0.289 loading class 0xb756ae30 done
Event: 0.290 loading class 0xb756ae68
Event: 0.290 loading class 0xb756ae68 done
Event: 0.290 loading class 0xb756aea0
Event: 0.290 loading class 0xb756aea0 done
Event: 0.318 loading class 0xb752dd08 done


Dynamic libraries:
00110000-002b4000 r-xp 00000000 08:01 15470477   /lib/i386-linux-gnu/libc-2.15.so
002b4000-002b6000 r--p 001a4000 08:01 15470477   /lib/i386-linux-gnu/libc-2.15.so
002b6000-002b7000 rw-p 001a6000 08:01 15470477   /lib/i386-linux-gnu/libc-2.15.so
002b7000-002ba000 rw-p 00000000 00:00 0 
002ba000-002ce000 r-xp 00000000 08:01 15467507   /lib/i386-linux-gnu/libz.so.1.2.3.4
002ce000-002cf000 r--p 00013000 08:01 15467507   /lib/i386-linux-gnu/libz.so.1.2.3.4
002cf000-002d0000 rw-p 00014000 08:01 15467507   /lib/i386-linux-gnu/libz.so.1.2.3.4
002d0000-002ec000 r-xp 00000000 08:01 15467428   /lib/i386-linux-gnu/libgcc_s.so.1
002ec000-002ed000 r--p 0001b000 08:01 15467428   /lib/i386-linux-gnu/libgcc_s.so.1
002ed000-002ee000 rw-p 0001c000 08:01 15467428   /lib/i386-linux-gnu/libgcc_s.so.1
002ee000-00304000 r-xp 00000000 08:01 15466596   /lib/i386-linux-gnu/libnsl-2.15.so
00304000-00305000 r--p 00015000 08:01 15466596   /lib/i386-linux-gnu/libnsl-2.15.so
00305000-00306000 rw-p 00016000 08:01 15466596   /lib/i386-linux-gnu/libnsl-2.15.so
00306000-00308000 rw-p 00000000 00:00 0 
0030b000-0032b000 r-xp 00000000 08:01 15466722   /lib/i386-linux-gnu/ld-2.15.so
0032b000-0032c000 r--p 0001f000 08:01 15466722   /lib/i386-linux-gnu/ld-2.15.so
0032c000-0032d000 rw-p 00020000 08:01 15466722   /lib/i386-linux-gnu/ld-2.15.so
0032d000-00355000 r-xp 00000000 08:01 16386316   /usr/lib/jvm/java-6-openjdk-i386/jre/lib/i386/libjava.so
00355000-00356000 r--p 00027000 08:01 16386316   /usr/lib/jvm/java-6-openjdk-i386/jre/lib/i386/libjava.so
00356000-00358000 rw-p 00028000 08:01 16386316   /usr/lib/jvm/java-6-openjdk-i386/jre/lib/i386/libjava.so
00393000-0039d000 r-xp 00000000 08:01 15466728   /lib/i386-linux-gnu/libnss_nis-2.15.so
0039d000-0039e000 r--p 00009000 08:01 15466728   /lib/i386-linux-gnu/libnss_nis-2.15.so
0039e000-0039f000 rw-p 0000a000 08:01 15466728   /lib/i386-linux-gnu/libnss_nis-2.15.so
003f4000-003ff000 r-xp 00000000 08:01 15466729   /lib/i386-linux-gnu/libnss_files-2.15.so
003ff000-00400000 r--p 0000a000 08:01 15466729   /lib/i386-linux-gnu/libnss_files-2.15.so
00400000-00401000 rw-p 0000b000 08:01 15466729   /lib/i386-linux-gnu/libnss_files-2.15.so
00498000-00570000 r-xp 00000000 08:01 16122209   /usr/lib/i386-linux-gnu/libstdc++.so.6.0.16
00570000-00571000 ---p 000d8000 08:01 16122209   /usr/lib/i386-linux-gnu/libstdc++.so.6.0.16
00571000-00575000 r--p 000d8000 08:01 16122209   /usr/lib/i386-linux-gnu/libstdc++.so.6.0.16
00575000-00576000 rw-p 000dc000 08:01 16122209   /usr/lib/i386-linux-gnu/libstdc++.so.6.0.16
00576000-0057d000 rw-p 00000000 00:00 0 
005c8000-005d0000 r-xp 00000000 08:01 16385421   /usr/lib/jvm/java-6-openjdk-i386/jre/lib/i386/libzip.so
005d0000-005d1000 r--p 00007000 08:01 16385421   /usr/lib/jvm/java-6-openjdk-i386/jre/lib/i386/libzip.so
005d1000-005d2000 rw-p 00008000 08:01 16385421   /usr/lib/jvm/java-6-openjdk-i386/jre/lib/i386/libzip.so
0060d000-00619000 r-xp 00000000 08:01 16386333   /usr/lib/jvm/java-6-openjdk-i386/jre/lib/i386/libverify.so
00619000-0061a000 r--p 0000b000 08:01 16386333   /usr/lib/jvm/java-6-openjdk-i386/jre/lib/i386/libverify.so
0061a000-0061b000 rw-p 0000c000 08:01 16386333   /usr/lib/jvm/java-6-openjdk-i386/jre/lib/i386/libverify.so
006ac000-006af000 r-xp 00000000 08:01 15470473   /lib/i386-linux-gnu/libdl-2.15.so
006af000-006b0000 r--p 00002000 08:01 15470473   /lib/i386-linux-gnu/libdl-2.15.so
006b0000-006b1000 rw-p 00003000 08:01 15470473   /lib/i386-linux-gnu/libdl-2.15.so
00820000-0084a000 r-xp 00000000 08:01 15466727   /lib/i386-linux-gnu/libm-2.15.so
0084a000-0084b000 r--p 00029000 08:01 15466727   /lib/i386-linux-gnu/libm-2.15.so
0084b000-0084c000 rw-p 0002a000 08:01 15466727   /lib/i386-linux-gnu/libm-2.15.so
008ab000-008ac000 r-xp 00000000 00:00 0          [vdso]
00922000-00929000 r-xp 00000000 08:01 15466730   /lib/i386-linux-gnu/libnss_compat-2.15.so
00929000-0092a000 r--p 00006000 08:01 15466730   /lib/i386-linux-gnu/libnss_compat-2.15.so
0092a000-0092b000 rw-p 00007000 08:01 15466730   /lib/i386-linux-gnu/libnss_compat-2.15.so
00a38000-00a4f000 r-xp 00000000 08:01 15466721   /lib/i386-linux-gnu/libpthread-2.15.so
00a4f000-00a50000 r--p 00016000 08:01 15466721   /lib/i386-linux-gnu/libpthread-2.15.so
00a50000-00a51000 rw-p 00017000 08:01 15466721   /lib/i386-linux-gnu/libpthread-2.15.so
00a51000-00a53000 rw-p 00000000 00:00 0 
00b5a000-00b61000 r-xp 00000000 08:01 15466723   /lib/i386-linux-gnu/librt-2.15.so
00b61000-00b62000 r--p 00006000 08:01 15466723   /lib/i386-linux-gnu/librt-2.15.so
00b62000-00b63000 rw-p 00007000 08:01 15466723   /lib/i386-linux-gnu/librt-2.15.so
00b9d000-00ba1000 r-xp 00000000 08:01 16385410   /usr/lib/jvm/java-6-openjdk-i386/jre/lib/i386/jli/libjli.so
00ba1000-00ba2000 r--p 00003000 08:01 16385410   /usr/lib/jvm/java-6-openjdk-i386/jre/lib/i386/jli/libjli.so
00ba2000-00ba3000 rw-p 00004000 08:01 16385410   /usr/lib/jvm/java-6-openjdk-i386/jre/lib/i386/jli/libjli.so
00ba3000-01154000 r-xp 00000000 08:01 16386302   /usr/lib/jvm/java-6-openjdk-i386/jre/lib/i386/client/libjvm.so
01154000-0116b000 r--p 005b0000 08:01 16386302   /usr/lib/jvm/java-6-openjdk-i386/jre/lib/i386/client/libjvm.so
0116b000-0117a000 rw-p 005c7000 08:01 16386302   /usr/lib/jvm/java-6-openjdk-i386/jre/lib/i386/client/libjvm.so
0117a000-01593000 rw-p 00000000 00:00 0 
08048000-08051000 r-xp 00000000 08:01 16384369   /usr/lib/jvm/java-6-openjdk-i386/jre/bin/java
08051000-08052000 r--p 00008000 08:01 16384369   /usr/lib/jvm/java-6-openjdk-i386/jre/bin/java
08052000-08053000 rw-p 00009000 08:01 16384369   /usr/lib/jvm/java-6-openjdk-i386/jre/bin/java
0851b000-0853c000 rw-p 00000000 00:00 0          [heap]
9125d000-91334000 r--s 013fe000 08:01 9574275    /home/slown/android-sdks/platforms/android-19/android.jar
91334000-9133a000 rw-p 00000000 00:00 0 
9133a000-913df000 rw-p 00000000 00:00 0 
913df000-913e2000 rw-p 00000000 00:00 0 
913e2000-91434000 rw-p 00000000 00:00 0 
91434000-9143a000 rw-p 00000000 00:00 0 
9143a000-914df000 rw-p 00000000 00:00 0 
914df000-914e5000 rw-p 00000000 00:00 0 
914e5000-914ff000 rw-p 00000000 00:00 0 
914ff000-91a50000 rw-p 00000000 00:00 0 
91a50000-9bfa0000 rw-p 00000000 00:00 0 
9bfa0000-9ca50000 rw-p 00000000 00:00 0 
9ca50000-b1500000 rw-p 00000000 00:00 0 
b1500000-b2100000 rw-p 00000000 00:00 0 
b2100000-b5500000 rw-p 00000000 00:00 0 
b5500000-b5530000 rwxp 00000000 00:00 0 
b5530000-b756d000 rw-p 00000000 00:00 0 
b756d000-b7600000 ---p 00000000 00:00 0 
b7626000-b762d000 rw-p 00000000 00:00 0 
b762d000-b7647000 rw-p 00000000 00:00 0 
b7647000-b7648000 rw-p 00000000 00:00 0 
b7648000-b76c7000 rw-p 00000000 00:00 0 
b76c7000-b76ca000 ---p 00000000 00:00 0 
b76ca000-b771b000 rw-p 00000000 00:00 0 
b7727000-b772f000 rw-s 00000000 08:01 11408678   /tmp/hsperfdata_slown/4224
b772f000-b7730000 rw-p 00000000 00:00 0 
b7730000-b7731000 r--p 00000000 00:00 0 
b7731000-b7733000 rw-p 00000000 00:00 0 
bfd61000-bfd82000 rw-p 00000000 00:00 0          [stack]

VM Arguments:
jvm_args: -Dfile.encoding=UTF-8 -Xbootclasspath:/home/slown/android-sdks/platforms/android-19/android.jar 
java_command: com.skula.pingouins.models.Player
Launcher Type: SUN_STANDARD

Environment Variables:
PATH=/usr/lib/lightdm/lightdm:/usr/local/sbin:/usr/local/bin:/usr/sbin:/usr/bin:/sbin:/bin:/usr/games
LD_LIBRARY_PATH=/usr/lib/jvm/java-6-openjdk-i386/jre/lib/i386/client:/usr/lib/jvm/java-6-openjdk-i386/jre/lib/i386:/usr/lib/jvm/java-6-openjdk-i386/jre/../lib/i386:/usr/lib/jvm/java-6-openjdk-i386/jre/lib/i386/client:/usr/lib/jvm/java-6-openjdk-i386/jre/lib/i386:
SHELL=/bin/bash
DISPLAY=:0.0

Signal Handlers:
SIGSEGV: [libjvm.so+0x46eb40], sa_mask[0]=0x7ffbfeff, sa_flags=0x10000004
SIGBUS: [libjvm.so+0x46eb40], sa_mask[0]=0x7ffbfeff, sa_flags=0x10000004
SIGFPE: [libjvm.so+0x376c00], sa_mask[0]=0x7ffbfeff, sa_flags=0x10000004
SIGPIPE: [libjvm.so+0x376c00], sa_mask[0]=0x7ffbfeff, sa_flags=0x10000004
SIGXFSZ: [libjvm.so+0x376c00], sa_mask[0]=0x7ffbfeff, sa_flags=0x10000004
SIGILL: [libjvm.so+0x376c00], sa_mask[0]=0x7ffbfeff, sa_flags=0x10000004
SIGUSR1: SIG_DFL, sa_mask[0]=0x00000000, sa_flags=0x00000000
SIGUSR2: [libjvm.so+0x376a90], sa_mask[0]=0x00000004, sa_flags=0x10000004
SIGHUP: SIG_DFL, sa_mask[0]=0x00000000, sa_flags=0x00000000
SIGINT: SIG_DFL, sa_mask[0]=0x00000000, sa_flags=0x00000000
SIGTERM: SIG_DFL, sa_mask[0]=0x00000000, sa_flags=0x00000000
SIGQUIT: SIG_DFL, sa_mask[0]=0x00000000, sa_flags=0x00000000


---------------  S Y S T E M  ---------------

OS:Ubuntu 12.04 (precise)
uname:Linux 3.2.0-60-generic #91-Ubuntu SMP Wed Feb 19 03:55:18 UTC 2014 i686
libc:glibc 2.15 NPTL 2.15 
rlimit: STACK 8192k, CORE 0k, NPROC 12800, NOFILE 4096, AS infinity
load average:0.36 0.43 0.55

/proc/meminfo:
MemTotal:        1652980 kB
MemFree:          107612 kB
Buffers:          198560 kB
Cached:           469516 kB
SwapCached:         2796 kB
Active:           636356 kB
Inactive:         755016 kB
Active(anon):     306808 kB
Inactive(anon):   422872 kB
Active(file):     329548 kB
Inactive(file):   332144 kB
Unevictable:          32 kB
Mlocked:              32 kB
HighTotal:        774184 kB
HighFree:          14560 kB
LowTotal:         878796 kB
LowFree:           93052 kB
SwapTotal:       1682428 kB
SwapFree:        1662452 kB
Dirty:               280 kB
Writeback:             0 kB
AnonPages:        721036 kB
Mapped:           172068 kB
Shmem:              6280 kB
Slab:              96864 kB
SReclaimable:      79460 kB
SUnreclaim:        17404 kB
KernelStack:        3960 kB
PageTables:        10220 kB
NFS_Unstable:          0 kB
Bounce:                0 kB
WritebackTmp:          0 kB
CommitLimit:     2508916 kB
Committed_AS:    3579232 kB
VmallocTotal:     122880 kB
VmallocUsed:       17068 kB
VmallocChunk:     104936 kB
HardwareCorrupted:     0 kB
AnonHugePages:         0 kB
HugePages_Total:       0
HugePages_Free:        0
HugePages_Rsvd:        0
HugePages_Surp:        0
Hugepagesize:       4096 kB
DirectMap4k:       28664 kB
DirectMap4M:      880640 kB


CPU:total 2 (2 cores per cpu, 1 threads per core) family 20 model 1 stepping 0, cmov, cx8, fxsr, mmx, sse, sse2, sse3, ssse3, popcnt, mmxext, lzcnt, sse4a, tsc, tscinvbit, tscinv

/proc/cpuinfo:
processor	: 0
vendor_id	: AuthenticAMD
cpu family	: 20
model		: 1
model name	: AMD E-350 Processor
stepping	: 0
microcode	: 0x5000028
cpu MHz		: 800.000
cache size	: 512 KB
physical id	: 0
siblings	: 2
core id		: 0
cpu cores	: 2
apicid		: 0
initial apicid	: 0
fdiv_bug	: no
hlt_bug		: no
f00f_bug	: no
coma_bug	: no
fpu		: yes
fpu_exception	: yes
cpuid level	: 6
wp		: yes
flags		: fpu vme de pse tsc msr pae mce cx8 apic mtrr pge mca cmov pat pse36 clflush mmx fxsr sse sse2 ht syscall nx mmxext fxsr_opt pdpe1gb rdtscp lm constant_tsc nonstop_tsc extd_apicid aperfmperf pni monitor ssse3 cx16 popcnt lahf_lm cmp_legacy svm extapic cr8_legacy abm sse4a misalignsse 3dnowprefetch ibs skinit wdt arat npt lbrv svm_lock nrip_save pausefilter
bogomips	: 3200.29
clflush size	: 64
cache_alignment	: 64
address sizes	: 36 bits physical, 48 bits virtual
power management: ts ttp tm stc 100mhzsteps hwpstate

processor	: 1
vendor_id	: AuthenticAMD
cpu family	: 20
model		: 1
model name	: AMD E-350 Processor
stepping	: 0
microcode	: 0x5000028
cpu MHz		: 800.000
cache size	: 512 KB
physical id	: 0
siblings	: 2
core id		: 1
cpu cores	: 2
apicid		: 1
initial apicid	: 1
fdiv_bug	: no
hlt_bug		: no
f00f_bug	: no
coma_bug	: no
fpu		: yes
fpu_exception	: yes
cpuid level	: 6
wp		: yes
flags		: fpu vme de pse tsc msr pae mce cx8 apic mtrr pge mca cmov pat pse36 clflush mmx fxsr sse sse2 ht syscall nx mmxext fxsr_opt pdpe1gb rdtscp lm constant_tsc nonstop_tsc extd_apicid aperfmperf pni monitor ssse3 cx16 popcnt lahf_lm cmp_legacy svm extapic cr8_legacy abm sse4a misalignsse 3dnowprefetch ibs skinit wdt arat npt lbrv svm_lock nrip_save pausefilter
bogomips	: 3199.97
clflush size	: 64
cache_alignment	: 64
address sizes	: 36 bits physical, 48 bits virtual
power management: ts ttp tm stc 100mhzsteps hwpstate



Memory: 4k page, physical 1652980k(107612k free), swap 1682428k(1662452k free)

vm_info: OpenJDK Client VM (23.25-b01) for linux-x86 JRE (1.6.0_30-b30), built on Feb 25 2014 23:11:24 by "buildd" with gcc 4.6.3

time: Sat Aug 30 11:05:55 2014
elapsed time: 0 seconds

