#
# A fatal error has been detected by the Java Runtime Environment:
#
#  Internal Error (javaClasses.cpp:129), pid=4869, tid=3078355776
#  fatal error: Invalid layout of preloaded class
#
# JRE version: 6.0_30-b30
# Java VM: OpenJDK Client VM (23.25-b01 mixed mode linux-x86 )
# Failed to write core dump. Core dumps have been disabled. To enable core dumping, try "ulimit -c unlimited" before starting Java again
#
# If you would like to submit a bug report, please include
# instructions how to reproduce the bug and visit:
#   https://bugs.launchpad.net/ubuntu/+source/openjdk-6/
#

---------------  T H R E A D  ---------------

Current thread (0xb7607c00):  JavaThread "Unknown thread" [_thread_in_vm, id=4872, stack(0xb776f000,0xb77c0000)]

Stack: [0xb776f000,0xb77c0000]
[error occurred during error reporting (printing stack bounds), id 0xb]


[error occurred during error reporting (printing native stack), id 0xb]


---------------  P R O C E S S  ---------------

Java Threads: ( => current thread )

Other Threads:

=>0xb7607c00 (exited) JavaThread "Unknown thread" [_thread_in_vm, id=4872, stack(0xb776f000,0xb77c0000)]

VM state:not at safepoint (not fully initialized)

VM Mutex/Monitor currently owned by a thread: None

GC Heap History (0 events):
No events

Deoptimization events (0 events):
No events

Internal exceptions (0 events):
No events

Events (10 events):
Event: 0,018 loading class 0xb762f770 done
Event: 0,018 loading class 0xb762f0b0 done
Event: 0,018 loading class 0xb762f088
Event: 0,018 loading class 0xb766c1b0
Event: 0,019 loading class 0xb766c1b0 done
Event: 0,019 loading class 0xb766c1e8
Event: 0,019 loading class 0xb766c1e8 done
Event: 0,019 loading class 0xb766c220
Event: 0,019 loading class 0xb766c220 done
Event: 0,019 loading class 0xb762f088 done


Dynamic libraries:
00110000-002b4000 r-xp 00000000 08:01 15470477   /lib/i386-linux-gnu/libc-2.15.so
002b4000-002b6000 r--p 001a4000 08:01 15470477   /lib/i386-linux-gnu/libc-2.15.so
002b6000-002b7000 rw-p 001a6000 08:01 15470477   /lib/i386-linux-gnu/libc-2.15.so
002b7000-002ba000 rw-p 00000000 00:00 0 
002ba000-002d6000 r-xp 00000000 08:01 15467428   /lib/i386-linux-gnu/libgcc_s.so.1
002d6000-002d7000 r--p 0001b000 08:01 15467428   /lib/i386-linux-gnu/libgcc_s.so.1
002d7000-002d8000 rw-p 0001c000 08:01 15467428   /lib/i386-linux-gnu/libgcc_s.so.1
002d8000-00300000 r-xp 00000000 08:01 16386316   /usr/lib/jvm/java-6-openjdk-i386/jre/lib/i386/libjava.so
00300000-00301000 r--p 00027000 08:01 16386316   /usr/lib/jvm/java-6-openjdk-i386/jre/lib/i386/libjava.so
00301000-00303000 rw-p 00028000 08:01 16386316   /usr/lib/jvm/java-6-openjdk-i386/jre/lib/i386/libjava.so
00303000-00306000 r-xp 00000000 08:01 16386312   /usr/lib/jvm/java-6-openjdk-i386/jre/lib/i386/libnpt.so
00306000-00307000 r--p 00002000 08:01 16386312   /usr/lib/jvm/java-6-openjdk-i386/jre/lib/i386/libnpt.so
00307000-00308000 rw-p 00003000 08:01 16386312   /usr/lib/jvm/java-6-openjdk-i386/jre/lib/i386/libnpt.so
00308000-0030f000 r-xp 00000000 08:01 15466730   /lib/i386-linux-gnu/libnss_compat-2.15.so
0030f000-00310000 r--p 00006000 08:01 15466730   /lib/i386-linux-gnu/libnss_compat-2.15.so
00310000-00311000 rw-p 00007000 08:01 15466730   /lib/i386-linux-gnu/libnss_compat-2.15.so
004fb000-00505000 r-xp 00000000 08:01 15466728   /lib/i386-linux-gnu/libnss_nis-2.15.so
00505000-00506000 r--p 00009000 08:01 15466728   /lib/i386-linux-gnu/libnss_nis-2.15.so
00506000-00507000 rw-p 0000a000 08:01 15466728   /lib/i386-linux-gnu/libnss_nis-2.15.so
00571000-00579000 r-xp 00000000 08:01 16385421   /usr/lib/jvm/java-6-openjdk-i386/jre/lib/i386/libzip.so
00579000-0057a000 r--p 00007000 08:01 16385421   /usr/lib/jvm/java-6-openjdk-i386/jre/lib/i386/libzip.so
0057a000-0057b000 rw-p 00008000 08:01 16385421   /usr/lib/jvm/java-6-openjdk-i386/jre/lib/i386/libzip.so
005a1000-005b8000 r-xp 00000000 08:01 15466721   /lib/i386-linux-gnu/libpthread-2.15.so
005b8000-005b9000 r--p 00016000 08:01 15466721   /lib/i386-linux-gnu/libpthread-2.15.so
005b9000-005ba000 rw-p 00017000 08:01 15466721   /lib/i386-linux-gnu/libpthread-2.15.so
005ba000-005bc000 rw-p 00000000 00:00 0 
006d0000-006db000 r-xp 00000000 08:01 15466729   /lib/i386-linux-gnu/libnss_files-2.15.so
006db000-006dc000 r--p 0000a000 08:01 15466729   /lib/i386-linux-gnu/libnss_files-2.15.so
006dc000-006dd000 rw-p 0000b000 08:01 15466729   /lib/i386-linux-gnu/libnss_files-2.15.so
006eb000-006ef000 r-xp 00000000 08:01 16385410   /usr/lib/jvm/java-6-openjdk-i386/jre/lib/i386/jli/libjli.so
006ef000-006f0000 r--p 00003000 08:01 16385410   /usr/lib/jvm/java-6-openjdk-i386/jre/lib/i386/jli/libjli.so
006f0000-006f1000 rw-p 00004000 08:01 16385410   /usr/lib/jvm/java-6-openjdk-i386/jre/lib/i386/jli/libjli.so
00757000-00763000 r-xp 00000000 08:01 16386333   /usr/lib/jvm/java-6-openjdk-i386/jre/lib/i386/libverify.so
00763000-00764000 r--p 0000b000 08:01 16386333   /usr/lib/jvm/java-6-openjdk-i386/jre/lib/i386/libverify.so
00764000-00765000 rw-p 0000c000 08:01 16386333   /usr/lib/jvm/java-6-openjdk-i386/jre/lib/i386/libverify.so
00820000-0085e000 r-xp 00000000 08:01 16386321   /usr/lib/jvm/java-6-openjdk-i386/jre/lib/i386/libjdwp.so
0085e000-0085f000 r--p 0003d000 08:01 16386321   /usr/lib/jvm/java-6-openjdk-i386/jre/lib/i386/libjdwp.so
0085f000-00860000 rw-p 0003e000 08:01 16386321   /usr/lib/jvm/java-6-openjdk-i386/jre/lib/i386/libjdwp.so
008b1000-008b2000 r-xp 00000000 00:00 0          [vdso]
008e9000-00913000 r-xp 00000000 08:01 15466727   /lib/i386-linux-gnu/libm-2.15.so
00913000-00914000 r--p 00029000 08:01 15466727   /lib/i386-linux-gnu/libm-2.15.so
00914000-00915000 rw-p 0002a000 08:01 15466727   /lib/i386-linux-gnu/libm-2.15.so
009b9000-009cf000 r-xp 00000000 08:01 15466596   /lib/i386-linux-gnu/libnsl-2.15.so
009cf000-009d0000 r--p 00015000 08:01 15466596   /lib/i386-linux-gnu/libnsl-2.15.so
009d0000-009d1000 rw-p 00016000 08:01 15466596   /lib/i386-linux-gnu/libnsl-2.15.so
009d1000-009d3000 rw-p 00000000 00:00 0 
00b22000-00bfa000 r-xp 00000000 08:01 16122209   /usr/lib/i386-linux-gnu/libstdc++.so.6.0.16
00bfa000-00bfb000 ---p 000d8000 08:01 16122209   /usr/lib/i386-linux-gnu/libstdc++.so.6.0.16
00bfb000-00bff000 r--p 000d8000 08:01 16122209   /usr/lib/i386-linux-gnu/libstdc++.so.6.0.16
00bff000-00c00000 rw-p 000dc000 08:01 16122209   /usr/lib/i386-linux-gnu/libstdc++.so.6.0.16
00c00000-00c07000 rw-p 00000000 00:00 0 
00ca0000-00cb4000 r-xp 00000000 08:01 15467507   /lib/i386-linux-gnu/libz.so.1.2.3.4
00cb4000-00cb5000 r--p 00013000 08:01 15467507   /lib/i386-linux-gnu/libz.so.1.2.3.4
00cb5000-00cb6000 rw-p 00014000 08:01 15467507   /lib/i386-linux-gnu/libz.so.1.2.3.4
00d8f000-00d92000 r-xp 00000000 08:01 15470473   /lib/i386-linux-gnu/libdl-2.15.so
00d92000-00d93000 r--p 00002000 08:01 15470473   /lib/i386-linux-gnu/libdl-2.15.so
00d93000-00d94000 rw-p 00003000 08:01 15470473   /lib/i386-linux-gnu/libdl-2.15.so
00dd9000-00de0000 r-xp 00000000 08:01 15466723   /lib/i386-linux-gnu/librt-2.15.so
00de0000-00de1000 r--p 00006000 08:01 15466723   /lib/i386-linux-gnu/librt-2.15.so
00de1000-00de2000 rw-p 00007000 08:01 15466723   /lib/i386-linux-gnu/librt-2.15.so
00e62000-00e82000 r-xp 00000000 08:01 15466722   /lib/i386-linux-gnu/ld-2.15.so
00e82000-00e83000 r--p 0001f000 08:01 15466722   /lib/i386-linux-gnu/ld-2.15.so
00e83000-00e84000 rw-p 00020000 08:01 15466722   /lib/i386-linux-gnu/ld-2.15.so
00e84000-01435000 r-xp 00000000 08:01 16386302   /usr/lib/jvm/java-6-openjdk-i386/jre/lib/i386/client/libjvm.so
01435000-0144c000 r--p 005b0000 08:01 16386302   /usr/lib/jvm/java-6-openjdk-i386/jre/lib/i386/client/libjvm.so
0144c000-0145b000 rw-p 005c7000 08:01 16386302   /usr/lib/jvm/java-6-openjdk-i386/jre/lib/i386/client/libjvm.so
0145b000-01874000 rw-p 00000000 00:00 0 
08048000-08051000 r-xp 00000000 08:01 16384369   /usr/lib/jvm/java-6-openjdk-i386/jre/bin/java
08051000-08052000 r--p 00008000 08:01 16384369   /usr/lib/jvm/java-6-openjdk-i386/jre/bin/java
08052000-08053000 rw-p 00009000 08:01 16384369   /usr/lib/jvm/java-6-openjdk-i386/jre/bin/java
09dce000-09def000 rw-p 00000000 00:00 0          [heap]
910dd000-911b4000 r--s 013fe000 08:01 9574275    /home/slown/android-sdks/platforms/android-19/android.jar
911b4000-911ba000 rw-p 00000000 00:00 0 
911ba000-9125f000 rw-p 00000000 00:00 0 
9125f000-91262000 rw-p 00000000 00:00 0 
91262000-912b4000 rw-p 00000000 00:00 0 
912b4000-912ba000 rw-p 00000000 00:00 0 
912ba000-9135f000 rw-p 00000000 00:00 0 
9135f000-91365000 rw-p 00000000 00:00 0 
91365000-9137f000 rw-p 00000000 00:00 0 
9137f000-918d0000 rw-p 00000000 00:00 0 
918d0000-9be20000 rw-p 00000000 00:00 0 
9be20000-9c8d0000 rw-p 00000000 00:00 0 
9c8d0000-b1380000 rw-p 00000000 00:00 0 
b1380000-b1f80000 rw-p 00000000 00:00 0 
b1f80000-b5380000 rw-p 00000000 00:00 0 
b5380000-b5381000 rw-p 00000000 00:00 0 
b5381000-b5400000 rw-p 00000000 00:00 0 
b5400000-b5430000 rwxp 00000000 00:00 0 
b5430000-b7400000 rw-p 00000000 00:00 0 
b7400000-b7600000 r--p 00000000 08:01 16127424   /usr/lib/locale/locale-archive
b7600000-b766e000 rw-p 00000000 00:00 0 
b766e000-b7700000 ---p 00000000 00:00 0 
b774e000-b7755000 rw-p 00000000 00:00 0 
b7755000-b776f000 rw-p 00000000 00:00 0 
b776f000-b7772000 ---p 00000000 00:00 0 
b7772000-b77c3000 rw-p 00000000 00:00 0 
b77ce000-b77d6000 rw-s 00000000 08:01 11408678   /tmp/hsperfdata_slown/4869
b77d6000-b77d7000 r--p 002cc000 08:01 16127424   /usr/lib/locale/locale-archive
b77d7000-b77d8000 rw-p 00000000 00:00 0 
b77d8000-b77d9000 r--p 00000000 00:00 0 
b77d9000-b77db000 rw-p 00000000 00:00 0 
bf9b2000-bf9d3000 rw-p 00000000 00:00 0          [stack]

VM Arguments:
jvm_args: -agentlib:jdwp=transport=dt_socket,suspend=y,address=localhost:56870 -Dfile.encoding=UTF-8 -Xbootclasspath:/home/slown/android-sdks/platforms/android-19/android.jar 
java_command: com.skula.pingouins.models.Board
Launcher Type: SUN_STANDARD

Environment Variables:
PATH=/usr/lib/lightdm/lightdm:/usr/local/sbin:/usr/local/bin:/usr/sbin:/usr/bin:/sbin:/bin:/usr/games
LD_LIBRARY_PATH=/usr/lib/jvm/java-6-openjdk-i386/jre/lib/i386/client:/usr/lib/jvm/java-6-openjdk-i386/jre/lib/i386:/usr/lib/jvm/java-6-openjdk-i386/jre/../lib/i386:/usr/lib/jvm/java-6-openjdk-i386/jre/lib/i386/client:/usr/lib/jvm/java-6-openjdk-i386/jre/lib/i386:
SHELL=/bin/bash
DISPLAY=:0.0

Signal Handlers:
SIGSEGV: [libjvm.so+0x46eb40], sa_mask[0]=0x7ffbfeff, sa_flags=0x10000004
SIGBUS: [libjvm.so+0x46eb40], sa_mask[0]=0x7ffbfeff, sa_flags=0x10000004
SIGFPE: [libjvm.so+0x376c00], sa_mask[0]=0x7ffbfeff, sa_flags=0x10000004
SIGPIPE: [libjvm.so+0x376c00], sa_mask[0]=0x7ffbfeff, sa_flags=0x10000004
SIGXFSZ: [libjvm.so+0x376c00], sa_mask[0]=0x7ffbfeff, sa_flags=0x10000004
SIGILL: [libjvm.so+0x376c00], sa_mask[0]=0x7ffbfeff, sa_flags=0x10000004
SIGUSR1: SIG_DFL, sa_mask[0]=0x00000000, sa_flags=0x00000000
SIGUSR2: [libjvm.so+0x376a90], sa_mask[0]=0x00000004, sa_flags=0x10000004
SIGHUP: SIG_DFL, sa_mask[0]=0x00000000, sa_flags=0x00000000
SIGINT: SIG_DFL, sa_mask[0]=0x00000000, sa_flags=0x00000000
SIGTERM: SIG_DFL, sa_mask[0]=0x00000000, sa_flags=0x00000000
SIGQUIT: SIG_DFL, sa_mask[0]=0x00000000, sa_flags=0x00000000


---------------  S Y S T E M  ---------------

OS:Ubuntu 12.04 (precise)
uname:Linux 3.2.0-60-generic #91-Ubuntu SMP Wed Feb 19 03:55:18 UTC 2014 i686
libc:glibc 2.15 NPTL 2.15 
rlimit: STACK 8192k, CORE 0k, NPROC 12800, NOFILE 4096, AS infinity
load average:0,56 0,64 0,77

/proc/meminfo:
MemTotal:        1652980 kB
MemFree:          102064 kB
Buffers:          219436 kB
Cached:           423468 kB
SwapCached:         3896 kB
Active:           604464 kB
Inactive:         795960 kB
Active(anon):     307584 kB
Inactive(anon):   456216 kB
Active(file):     296880 kB
Inactive(file):   339744 kB
Unevictable:          32 kB
Mlocked:              32 kB
HighTotal:        774184 kB
HighFree:          20884 kB
LowTotal:         878796 kB
LowFree:           81180 kB
SwapTotal:       1682428 kB
SwapFree:        1660368 kB
Dirty:               296 kB
Writeback:             0 kB
AnonPages:        754304 kB
Mapped:           158552 kB
Shmem:              6280 kB
Slab:              96264 kB
SReclaimable:      78584 kB
SUnreclaim:        17680 kB
KernelStack:        4024 kB
PageTables:        10568 kB
NFS_Unstable:          0 kB
Bounce:                0 kB
WritebackTmp:          0 kB
CommitLimit:     2508916 kB
Committed_AS:    3797816 kB
VmallocTotal:     122880 kB
VmallocUsed:       17092 kB
VmallocChunk:     102888 kB
HardwareCorrupted:     0 kB
AnonHugePages:         0 kB
HugePages_Total:       0
HugePages_Free:        0
HugePages_Rsvd:        0
HugePages_Surp:        0
Hugepagesize:       4096 kB
DirectMap4k:       12280 kB
DirectMap4M:      897024 kB


CPU:total 2 (2 cores per cpu, 1 threads per core) family 20 model 1 stepping 0, cmov, cx8, fxsr, mmx, sse, sse2, sse3, ssse3, popcnt, mmxext, lzcnt, sse4a, tsc, tscinvbit, tscinv

/proc/cpuinfo:
processor	: 0
vendor_id	: AuthenticAMD
cpu family	: 20
model		: 1
model name	: AMD E-350 Processor
stepping	: 0
microcode	: 0x5000028
cpu MHz		: 1280.000
cache size	: 512 KB
physical id	: 0
siblings	: 2
core id		: 0
cpu cores	: 2
apicid		: 0
initial apicid	: 0
fdiv_bug	: no
hlt_bug		: no
f00f_bug	: no
coma_bug	: no
fpu		: yes
fpu_exception	: yes
cpuid level	: 6
wp		: yes
flags		: fpu vme de pse tsc msr pae mce cx8 apic mtrr pge mca cmov pat pse36 clflush mmx fxsr sse sse2 ht syscall nx mmxext fxsr_opt pdpe1gb rdtscp lm constant_tsc nonstop_tsc extd_apicid aperfmperf pni monitor ssse3 cx16 popcnt lahf_lm cmp_legacy svm extapic cr8_legacy abm sse4a misalignsse 3dnowprefetch ibs skinit wdt arat npt lbrv svm_lock nrip_save pausefilter
bogomips	: 3199.74
clflush size	: 64
cache_alignment	: 64
address sizes	: 36 bits physical, 48 bits virtual
power management: ts ttp tm stc 100mhzsteps hwpstate

processor	: 1
vendor_id	: AuthenticAMD
cpu family	: 20
model		: 1
model name	: AMD E-350 Processor
stepping	: 0
microcode	: 0x5000028
cpu MHz		: 1600.000
cache size	: 512 KB
physical id	: 0
siblings	: 2
core id		: 1
cpu cores	: 2
apicid		: 1
initial apicid	: 1
fdiv_bug	: no
hlt_bug		: no
f00f_bug	: no
coma_bug	: no
fpu		: yes
fpu_exception	: yes
cpuid level	: 6
wp		: yes
flags		: fpu vme de pse tsc msr pae mce cx8 apic mtrr pge mca cmov pat pse36 clflush mmx fxsr sse sse2 ht syscall nx mmxext fxsr_opt pdpe1gb rdtscp lm constant_tsc nonstop_tsc extd_apicid aperfmperf pni monitor ssse3 cx16 popcnt lahf_lm cmp_legacy svm extapic cr8_legacy abm sse4a misalignsse 3dnowprefetch ibs skinit wdt arat npt lbrv svm_lock nrip_save pausefilter
bogomips	: 3199.84
clflush size	: 64
cache_alignment	: 64
address sizes	: 36 bits physical, 48 bits virtual
power management: ts ttp tm stc 100mhzsteps hwpstate



Memory: 4k page, physical 1652980k(102064k free), swap 1682428k(1660368k free)

vm_info: OpenJDK Client VM (23.25-b01) for linux-x86 JRE (1.6.0_30-b30), built on Feb 25 2014 23:11:24 by "buildd" with gcc 4.6.3

time: Fri Aug 29 13:37:40 2014
elapsed time: 0 seconds

